<html>
<head>
<title>TestNG:  Test</title>
<link href="../testng.css" rel="stylesheet" type="text/css" />
<link href="../my-testng.css" rel="stylesheet" type="text/css" />

<style type="text/css">
.log { display: none;} 
.stack-trace { display: none;} 
</style>
<script type="text/javascript">
<!--
function flip(e) {
  current = e.style.display;
  if (current == 'block') {
    e.style.display = 'none';
    return 0;
  }
  else {
    e.style.display = 'block';
    return 1;
  }
}

function toggleBox(szDivId, elem, msg1, msg2)
{
  var res = -1;  if (document.getElementById) {
    res = flip(document.getElementById(szDivId));
  }
  else if (document.all) {
    // this is the way old msie versions work
    res = flip(document.all[szDivId]);
  }
  if(elem) {
    if(res == 0) elem.innerHTML = msg1; else elem.innerHTML = msg2;
  }

}

function toggleAllBoxes() {
  if (document.getElementsByTagName) {
    d = document.getElementsByTagName('div');
    for (i = 0; i < d.length; i++) {
      if (d[i].className == 'log') {
        flip(d[i]);
      }
    }
  }
}

// -->
</script>

</head>
<body>
<h2 align='center'>Test</h2><table border='1' align="center">
<tr>
<td>Tests passed/Failed/Skipped:</td><td>34/2/0</td>
</tr><tr>
<td>Started on:</td><td>Tue Dec 24 20:11:42 IST 2019</td>
</tr>
<tr><td>Total time:</td><td>2045 seconds (2045213 ms)</td>
</tr><tr>
<td>Included groups:</td><td></td>
</tr><tr>
<td>Excluded groups:</td><td></td>
</tr>
</table><p/>
<small><i>(Hover the method name to see the test class name)</i></small><p/>
<table width='100%' border='1' class='invocation-failed'>
<tr><td colspan='4' align='center'><b>FAILED TESTS</b></td></tr>
<tr><td><b>Test method</b></td>
<td width="30%"><b>Exception</b></td>
<td width="10%"><b>Time (seconds)</b></td>
<td><b>Instance</b></td>
</tr>
<tr>
<td title='Com.HRMS.TestCase.TestOrganizationPage.TestDepartment()'><b>TestDepartment</b><br>Test class: Com.HRMS.TestCase.TestOrganizationPage</td>
<td><div><pre>org.openqa.selenium.NoSuchElementException: no such element: Unable to locate element: {&quot;method&quot;:&quot;xpath&quot;,&quot;selector&quot;:&quot;//input[@class=&apos;select2-search__field&apos;]&quot;}
  (Session info: chrome=79.0.3945.88)
For documentation on this error, please visit: https://www.seleniumhq.org/exceptions/no_such_element.html
Build info: version: &apos;3.141.59&apos;, revision: &apos;e82be7d358&apos;, time: &apos;2018-11-14T08:17:03&apos;
System info: host: &apos;ECOWS-202&apos;, ip: &apos;192.168.1.92&apos;, os.name: &apos;Windows 8.1&apos;, os.arch: &apos;amd64&apos;, os.version: &apos;6.3&apos;, java.version: &apos;1.8.0_40&apos;
Driver info: org.openqa.selenium.chrome.ChromeDriver
Capabilities {acceptInsecureCerts: false, browserName: chrome, browserVersion: 79.0.3945.88, chrome: {chromedriverVersion: 79.0.3945.36 (3582db32b3389..., userDataDir: C:\Users\anjuman\AppData\Lo...}, goog:chromeOptions: {debuggerAddress: localhost:53275}, javascriptEnabled: true, networkConnectionEnabled: false, pageLoadStrategy: normal, platform: WINDOWS, platformName: WINDOWS, proxy: Proxy(), setWindowRect: true, strictFileInteractability: false, timeouts: {implicit: 0, pageLoad: 300000, script: 30000}, unhandledPromptBehavior: dismiss and notify}
Session ID: bc4ace34e7923894b754e7b9e773446e
*** Element info: {Using=xpath, value=//input[@class=&apos;select2-search__field&apos;]}
	at org.openqa.selenium.remote.http.W3CHttpResponseCodec.createException(W3CHttpResponseCodec.java:187)
	at org.openqa.selenium.remote.http.W3CHttpResponseCodec.decode(W3CHttpResponseCodec.java:122)
	at org.openqa.selenium.remote.http.W3CHttpResponseCodec.decode(W3CHttpResponseCodec.java:49)
	at org.openqa.selenium.remote.HttpCommandExecutor.execute(HttpCommandExecutor.java:158)
	at org.openqa.selenium.remote.service.DriverCommandExecutor.execute(DriverCommandExecutor.java:83)
	at org.openqa.selenium.remote.RemoteWebDriver.execute(RemoteWebDriver.java:552)
	at org.openqa.selenium.remote.RemoteWebDriver.findElement(RemoteWebDriver.java:323)
	at org.openqa.selenium.remote.RemoteWebDriver.findElementByXPath(RemoteWebDriver.java:428)
	at org.openqa.selenium.By$ByXPath.findElement(By.java:353)
	at org.openqa.selenium.remote.RemoteWebDriver.findElement(RemoteWebDriver.java:315)
	at org.openqa.selenium.support.pagefactory.DefaultElementLocator.findElement(DefaultElementLocator.java:69)
	at org.openqa.selenium.support.pagefactory.internal.LocatingElementHandler.invoke(LocatingElementHandler.java:38)
	at com.sun.proxy.$Proxy9.sendKeys(Unknown Source)
	at Com.HRMS.Pages.OrganizationPage.AddDepartment(OrganizationPage.java:401)
	at Com.HRMS.TestCase.TestOrganizationPage.TestDepartment(TestOrganizationPage.java:97)
	at java.util.ArrayList.forEach(ArrayList.java:1249)
... Removed 32 stack frames</pre></div><a href='#' onClick='toggleBox("stack-trace1317441269", this, "Click to show all stack frames", "Click to hide stack frames")'>Click to show all stack frames</a>
<div class='stack-trace' id='stack-trace1317441269'><pre>org.openqa.selenium.NoSuchElementException: no such element: Unable to locate element: {&quot;method&quot;:&quot;xpath&quot;,&quot;selector&quot;:&quot;//input[@class=&apos;select2-search__field&apos;]&quot;}
  (Session info: chrome=79.0.3945.88)
For documentation on this error, please visit: https://www.seleniumhq.org/exceptions/no_such_element.html
Build info: version: &apos;3.141.59&apos;, revision: &apos;e82be7d358&apos;, time: &apos;2018-11-14T08:17:03&apos;
System info: host: &apos;ECOWS-202&apos;, ip: &apos;192.168.1.92&apos;, os.name: &apos;Windows 8.1&apos;, os.arch: &apos;amd64&apos;, os.version: &apos;6.3&apos;, java.version: &apos;1.8.0_40&apos;
Driver info: org.openqa.selenium.chrome.ChromeDriver
Capabilities {acceptInsecureCerts: false, browserName: chrome, browserVersion: 79.0.3945.88, chrome: {chromedriverVersion: 79.0.3945.36 (3582db32b3389..., userDataDir: C:\Users\anjuman\AppData\Lo...}, goog:chromeOptions: {debuggerAddress: localhost:53275}, javascriptEnabled: true, networkConnectionEnabled: false, pageLoadStrategy: normal, platform: WINDOWS, platformName: WINDOWS, proxy: Proxy(), setWindowRect: true, strictFileInteractability: false, timeouts: {implicit: 0, pageLoad: 300000, script: 30000}, unhandledPromptBehavior: dismiss and notify}
Session ID: bc4ace34e7923894b754e7b9e773446e
*** Element info: {Using=xpath, value=//input[@class=&apos;select2-search__field&apos;]}
	at sun.reflect.NativeConstructorAccessorImpl.newInstance0(Native Method)
	at sun.reflect.NativeConstructorAccessorImpl.newInstance(NativeConstructorAccessorImpl.java:62)
	at sun.reflect.DelegatingConstructorAccessorImpl.newInstance(DelegatingConstructorAccessorImpl.java:45)
	at java.lang.reflect.Constructor.newInstance(Constructor.java:422)
	at org.openqa.selenium.remote.http.W3CHttpResponseCodec.createException(W3CHttpResponseCodec.java:187)
	at org.openqa.selenium.remote.http.W3CHttpResponseCodec.decode(W3CHttpResponseCodec.java:122)
	at org.openqa.selenium.remote.http.W3CHttpResponseCodec.decode(W3CHttpResponseCodec.java:49)
	at org.openqa.selenium.remote.HttpCommandExecutor.execute(HttpCommandExecutor.java:158)
	at org.openqa.selenium.remote.service.DriverCommandExecutor.execute(DriverCommandExecutor.java:83)
	at org.openqa.selenium.remote.RemoteWebDriver.execute(RemoteWebDriver.java:552)
	at org.openqa.selenium.remote.RemoteWebDriver.findElement(RemoteWebDriver.java:323)
	at org.openqa.selenium.remote.RemoteWebDriver.findElementByXPath(RemoteWebDriver.java:428)
	at org.openqa.selenium.By$ByXPath.findElement(By.java:353)
	at org.openqa.selenium.remote.RemoteWebDriver.findElement(RemoteWebDriver.java:315)
	at org.openqa.selenium.support.pagefactory.DefaultElementLocator.findElement(DefaultElementLocator.java:69)
	at org.openqa.selenium.support.pagefactory.internal.LocatingElementHandler.invoke(LocatingElementHandler.java:38)
	at com.sun.proxy.$Proxy9.sendKeys(Unknown Source)
	at Com.HRMS.Pages.OrganizationPage.AddDepartment(OrganizationPage.java:401)
	at Com.HRMS.TestCase.TestOrganizationPage.TestDepartment(TestOrganizationPage.java:97)
	at sun.reflect.NativeMethodAccessorImpl.invoke0(Native Method)
	at sun.reflect.NativeMethodAccessorImpl.invoke(NativeMethodAccessorImpl.java:62)
	at sun.reflect.DelegatingMethodAccessorImpl.invoke(DelegatingMethodAccessorImpl.java:43)
	at java.lang.reflect.Method.invoke(Method.java:497)
	at org.testng.internal.MethodInvocationHelper.invokeMethod(MethodInvocationHelper.java:133)
	at org.testng.internal.TestInvoker.invokeMethod(TestInvoker.java:584)
	at org.testng.internal.TestInvoker.invokeTestMethod(TestInvoker.java:172)
	at org.testng.internal.MethodRunner.runInSequence(MethodRunner.java:46)
	at org.testng.internal.TestInvoker$MethodInvocationAgent.invoke(TestInvoker.java:804)
	at org.testng.internal.TestInvoker.invokeTestMethods(TestInvoker.java:145)
	at org.testng.internal.TestMethodWorker.invokeTestMethods(TestMethodWorker.java:146)
	at org.testng.internal.TestMethodWorker.run(TestMethodWorker.java:128)
	at org.testng.TestRunner$$Lambda$46/1630521067.accept(Unknown Source)
	at java.util.ArrayList.forEach(ArrayList.java:1249)
	at org.testng.TestRunner.privateRun(TestRunner.java:770)
	at org.testng.TestRunner.run(TestRunner.java:591)
	at org.testng.SuiteRunner.runTest(SuiteRunner.java:402)
	at org.testng.SuiteRunner.runSequentially(SuiteRunner.java:396)
	at org.testng.SuiteRunner.privateRun(SuiteRunner.java:355)
	at org.testng.SuiteRunner.run(SuiteRunner.java:304)
	at org.testng.SuiteRunnerWorker.runSuite(SuiteRunnerWorker.java:53)
	at org.testng.SuiteRunnerWorker.run(SuiteRunnerWorker.java:96)
	at org.testng.TestNG.runSuitesSequentially(TestNG.java:1180)
	at org.testng.TestNG.runSuitesLocally(TestNG.java:1102)
	at org.testng.TestNG.runSuites(TestNG.java:1032)
	at org.testng.TestNG.run(TestNG.java:1000)
	at org.testng.remote.AbstractRemoteTestNG.run(AbstractRemoteTestNG.java:115)
	at org.testng.remote.RemoteTestNG.initAndRun(RemoteTestNG.java:251)
	at org.testng.remote.RemoteTestNG.main(RemoteTestNG.java:77)
</pre></div></td>
<td>23</td>
<td>Com.HRMS.TestCase.TestOrganizationPage@17579e0f</td></tr>
<tr>
<td title='Com.HRMS.TestCase.TestTraining.TestTrainingType()'><b>TestTrainingType</b><br>Test class: Com.HRMS.TestCase.TestTraining</td>
<td><div><pre>org.openqa.selenium.StaleElementReferenceException: stale element reference: element is not attached to the page document
  (Session info: chrome=79.0.3945.88)
For documentation on this error, please visit: https://www.seleniumhq.org/exceptions/stale_element_reference.html
Build info: version: &apos;3.141.59&apos;, revision: &apos;e82be7d358&apos;, time: &apos;2018-11-14T08:17:03&apos;
System info: host: &apos;ECOWS-202&apos;, ip: &apos;192.168.1.92&apos;, os.name: &apos;Windows 8.1&apos;, os.arch: &apos;amd64&apos;, os.version: &apos;6.3&apos;, java.version: &apos;1.8.0_40&apos;
Driver info: org.openqa.selenium.chrome.ChromeDriver
Capabilities {acceptInsecureCerts: false, browserName: chrome, browserVersion: 79.0.3945.88, chrome: {chromedriverVersion: 79.0.3945.36 (3582db32b3389..., userDataDir: C:\Users\anjuman\AppData\Lo...}, goog:chromeOptions: {debuggerAddress: localhost:55120}, javascriptEnabled: true, networkConnectionEnabled: false, pageLoadStrategy: normal, platform: WINDOWS, platformName: WINDOWS, proxy: Proxy(), setWindowRect: true, strictFileInteractability: false, timeouts: {implicit: 0, pageLoad: 300000, script: 30000}, unhandledPromptBehavior: dismiss and notify}
Session ID: 2974f1b6dccd0bd8ce98c3bd9eada6c7
	at org.openqa.selenium.remote.http.W3CHttpResponseCodec.createException(W3CHttpResponseCodec.java:187)
	at org.openqa.selenium.remote.http.W3CHttpResponseCodec.decode(W3CHttpResponseCodec.java:122)
	at org.openqa.selenium.remote.http.W3CHttpResponseCodec.decode(W3CHttpResponseCodec.java:49)
	at org.openqa.selenium.remote.HttpCommandExecutor.execute(HttpCommandExecutor.java:158)
	at org.openqa.selenium.remote.service.DriverCommandExecutor.execute(DriverCommandExecutor.java:83)
	at org.openqa.selenium.remote.RemoteWebDriver.execute(RemoteWebDriver.java:552)
	at org.openqa.selenium.remote.RemoteWebElement.execute(RemoteWebElement.java:285)
	at org.openqa.selenium.remote.RemoteWebElement.getText(RemoteWebElement.java:166)
	at Com.HRMS.TestCase.TestTraining.TestTrainingType(TestTraining.java:85)
	at java.util.ArrayList.forEach(ArrayList.java:1249)
... Removed 32 stack frames</pre></div><a href='#' onClick='toggleBox("stack-trace851316413", this, "Click to show all stack frames", "Click to hide stack frames")'>Click to show all stack frames</a>
<div class='stack-trace' id='stack-trace851316413'><pre>org.openqa.selenium.StaleElementReferenceException: stale element reference: element is not attached to the page document
  (Session info: chrome=79.0.3945.88)
For documentation on this error, please visit: https://www.seleniumhq.org/exceptions/stale_element_reference.html
Build info: version: &apos;3.141.59&apos;, revision: &apos;e82be7d358&apos;, time: &apos;2018-11-14T08:17:03&apos;
System info: host: &apos;ECOWS-202&apos;, ip: &apos;192.168.1.92&apos;, os.name: &apos;Windows 8.1&apos;, os.arch: &apos;amd64&apos;, os.version: &apos;6.3&apos;, java.version: &apos;1.8.0_40&apos;
Driver info: org.openqa.selenium.chrome.ChromeDriver
Capabilities {acceptInsecureCerts: false, browserName: chrome, browserVersion: 79.0.3945.88, chrome: {chromedriverVersion: 79.0.3945.36 (3582db32b3389..., userDataDir: C:\Users\anjuman\AppData\Lo...}, goog:chromeOptions: {debuggerAddress: localhost:55120}, javascriptEnabled: true, networkConnectionEnabled: false, pageLoadStrategy: normal, platform: WINDOWS, platformName: WINDOWS, proxy: Proxy(), setWindowRect: true, strictFileInteractability: false, timeouts: {implicit: 0, pageLoad: 300000, script: 30000}, unhandledPromptBehavior: dismiss and notify}
Session ID: 2974f1b6dccd0bd8ce98c3bd9eada6c7
	at sun.reflect.NativeConstructorAccessorImpl.newInstance0(Native Method)
	at sun.reflect.NativeConstructorAccessorImpl.newInstance(NativeConstructorAccessorImpl.java:62)
	at sun.reflect.DelegatingConstructorAccessorImpl.newInstance(DelegatingConstructorAccessorImpl.java:45)
	at java.lang.reflect.Constructor.newInstance(Constructor.java:422)
	at org.openqa.selenium.remote.http.W3CHttpResponseCodec.createException(W3CHttpResponseCodec.java:187)
	at org.openqa.selenium.remote.http.W3CHttpResponseCodec.decode(W3CHttpResponseCodec.java:122)
	at org.openqa.selenium.remote.http.W3CHttpResponseCodec.decode(W3CHttpResponseCodec.java:49)
	at org.openqa.selenium.remote.HttpCommandExecutor.execute(HttpCommandExecutor.java:158)
	at org.openqa.selenium.remote.service.DriverCommandExecutor.execute(DriverCommandExecutor.java:83)
	at org.openqa.selenium.remote.RemoteWebDriver.execute(RemoteWebDriver.java:552)
	at org.openqa.selenium.remote.RemoteWebElement.execute(RemoteWebElement.java:285)
	at org.openqa.selenium.remote.RemoteWebElement.getText(RemoteWebElement.java:166)
	at Com.HRMS.TestCase.TestTraining.TestTrainingType(TestTraining.java:85)
	at sun.reflect.NativeMethodAccessorImpl.invoke0(Native Method)
	at sun.reflect.NativeMethodAccessorImpl.invoke(NativeMethodAccessorImpl.java:62)
	at sun.reflect.DelegatingMethodAccessorImpl.invoke(DelegatingMethodAccessorImpl.java:43)
	at java.lang.reflect.Method.invoke(Method.java:497)
	at org.testng.internal.MethodInvocationHelper.invokeMethod(MethodInvocationHelper.java:133)
	at org.testng.internal.TestInvoker.invokeMethod(TestInvoker.java:584)
	at org.testng.internal.TestInvoker.invokeTestMethod(TestInvoker.java:172)
	at org.testng.internal.MethodRunner.runInSequence(MethodRunner.java:46)
	at org.testng.internal.TestInvoker$MethodInvocationAgent.invoke(TestInvoker.java:804)
	at org.testng.internal.TestInvoker.invokeTestMethods(TestInvoker.java:145)
	at org.testng.internal.TestMethodWorker.invokeTestMethods(TestMethodWorker.java:146)
	at org.testng.internal.TestMethodWorker.run(TestMethodWorker.java:128)
	at org.testng.TestRunner$$Lambda$46/1630521067.accept(Unknown Source)
	at java.util.ArrayList.forEach(ArrayList.java:1249)
	at org.testng.TestRunner.privateRun(TestRunner.java:770)
	at org.testng.TestRunner.run(TestRunner.java:591)
	at org.testng.SuiteRunner.runTest(SuiteRunner.java:402)
	at org.testng.SuiteRunner.runSequentially(SuiteRunner.java:396)
	at org.testng.SuiteRunner.privateRun(SuiteRunner.java:355)
	at org.testng.SuiteRunner.run(SuiteRunner.java:304)
	at org.testng.SuiteRunnerWorker.runSuite(SuiteRunnerWorker.java:53)
	at org.testng.SuiteRunnerWorker.run(SuiteRunnerWorker.java:96)
	at org.testng.TestNG.runSuitesSequentially(TestNG.java:1180)
	at org.testng.TestNG.runSuitesLocally(TestNG.java:1102)
	at org.testng.TestNG.runSuites(TestNG.java:1032)
	at org.testng.TestNG.run(TestNG.java:1000)
	at org.testng.remote.AbstractRemoteTestNG.run(AbstractRemoteTestNG.java:115)
	at org.testng.remote.RemoteTestNG.initAndRun(RemoteTestNG.java:251)
	at org.testng.remote.RemoteTestNG.main(RemoteTestNG.java:77)
</pre></div></td>
<td>13</td>
<td>Com.HRMS.TestCase.TestTraining@646d64ab</td></tr>
</table><p>
<table width='100%' border='1' class='invocation-passed'>
<tr><td colspan='4' align='center'><b>PASSED TESTS</b></td></tr>
<tr><td><b>Test method</b></td>
<td width="30%"><b>Exception</b></td>
<td width="10%"><b>Time (seconds)</b></td>
<td><b>Instance</b></td>
</tr>
<tr>
<td title='Com.HRMS.TestCase.TestLogin.LoginTest()'><b>LoginTest</b><br>Test class: Com.HRMS.TestCase.TestLogin</td>
<td></td>
<td>8</td>
<td>Com.HRMS.TestCase.TestLogin@4b1c1ea0</td></tr>
<tr>
<td title='Com.HRMS.TestCase.TestRecruitment.TestAddRecruitments()'><b>TestAddRecruitments</b><br>Test class: Com.HRMS.TestCase.TestRecruitment</td>
<td></td>
<td>55</td>
<td>Com.HRMS.TestCase.TestRecruitment@27a8c74e</td></tr>
<tr>
<td title='Com.HRMS.TestCase.TestOrganizationPage.TestAnnouncement()'><b>TestAnnouncement</b><br>Test class: Com.HRMS.TestCase.TestOrganizationPage</td>
<td></td>
<td>32</td>
<td>Com.HRMS.TestCase.TestOrganizationPage@17579e0f</td></tr>
<tr>
<td title='Com.HRMS.TestCase.TestPerformance.TestAppraisal()'><b>TestAppraisal</b><br>Test class: Com.HRMS.TestCase.TestPerformance</td>
<td></td>
<td>43</td>
<td>Com.HRMS.TestCase.TestPerformance@33f88ab</td></tr>
<tr>
<td title='Com.HRMS.TestCase.TestCoreHR.TestAward()'><b>TestAward</b><br>Test class: Com.HRMS.TestCase.TestCoreHR</td>
<td></td>
<td>31</td>
<td>Com.HRMS.TestCase.TestCoreHR@3712b94</td></tr>
<tr>
<td title='Com.HRMS.TestCase.TestOrganizationPage.TestCompany()'><b>TestCompany</b><br>Test class: Com.HRMS.TestCase.TestOrganizationPage</td>
<td></td>
<td>32</td>
<td>Com.HRMS.TestCase.TestOrganizationPage@17579e0f</td></tr>
<tr>
<td title='Com.HRMS.TestCase.TestCoreHR.TestComplaint()'><b>TestComplaint</b><br>Test class: Com.HRMS.TestCase.TestCoreHR</td>
<td></td>
<td>37</td>
<td>Com.HRMS.TestCase.TestCoreHR@3712b94</td></tr>
<tr>
<td title='Com.HRMS.TestCase.TestHrmsStaffPage.TestCreateEmployee()'><b>TestCreateEmployee</b><br>Test class: Com.HRMS.TestCase.TestHrmsStaffPage</td>
<td></td>
<td>55</td>
<td>Com.HRMS.TestCase.TestHrmsStaffPage@4d41cee</td></tr>
<tr>
<td title='Com.HRMS.TestCase.TestHrmsStaffPage.TestCustomField()'><b>TestCustomField</b><br>Test class: Com.HRMS.TestCase.TestHrmsStaffPage</td>
<td></td>
<td>20</td>
<td>Com.HRMS.TestCase.TestHrmsStaffPage@4d41cee</td></tr>
<tr>
<td title='Com.HRMS.TestCase.TestTimeSheet.TestDatewiseAttendance()'><b>TestDatewiseAttendance</b><br>Test class: Com.HRMS.TestCase.TestTimeSheet</td>
<td></td>
<td>38</td>
<td>Com.HRMS.TestCase.TestTimeSheet@2d8f65a4</td></tr>
<tr>
<td title='Com.HRMS.TestCase.TestOrganizationPage.TestDesignation()'><b>TestDesignation</b><br>Test class: Com.HRMS.TestCase.TestOrganizationPage</td>
<td></td>
<td>22</td>
<td>Com.HRMS.TestCase.TestOrganizationPage@17579e0f</td></tr>
<tr>
<td title='Com.HRMS.TestCase.TestHrmsStaffPage.TestEmployeeExit()'><b>TestEmployeeExit</b><br>Test class: Com.HRMS.TestCase.TestHrmsStaffPage</td>
<td></td>
<td>26</td>
<td>Com.HRMS.TestCase.TestHrmsStaffPage@4d41cee</td></tr>
<tr>
<td title='Com.HRMS.TestCase.TestPerformance.TestGoalTracking()'><b>TestGoalTracking</b><br>Test class: Com.HRMS.TestCase.TestPerformance</td>
<td></td>
<td>27</td>
<td>Com.HRMS.TestCase.TestPerformance@33f88ab</td></tr>
<tr>
<td title='Com.HRMS.TestCase.TestPerformance.TestGoalType()'><b>TestGoalType</b><br>Test class: Com.HRMS.TestCase.TestPerformance</td>
<td></td>
<td>20</td>
<td>Com.HRMS.TestCase.TestPerformance@33f88ab</td></tr>
<tr>
<td title='Com.HRMS.TestCase.TestPerformance.TestIndicator()'><b>TestIndicator</b><br>Test class: Com.HRMS.TestCase.TestPerformance</td>
<td></td>
<td>60</td>
<td>Com.HRMS.TestCase.TestPerformance@33f88ab</td></tr>
<tr>
<td title='Com.HRMS.TestCase.TestOrganizationPage.TestLocation()'><b>TestLocation</b><br>Test class: Com.HRMS.TestCase.TestOrganizationPage</td>
<td></td>
<td>29</td>
<td>Com.HRMS.TestCase.TestOrganizationPage@17579e0f</td></tr>
<tr>
<td title='Com.HRMS.TestCase.TestTimeSheet.TestManageHoliday()'><b>TestManageHoliday</b><br>Test class: Com.HRMS.TestCase.TestTimeSheet</td>
<td></td>
<td>30</td>
<td>Com.HRMS.TestCase.TestTimeSheet@2d8f65a4</td></tr>
<tr>
<td title='Com.HRMS.TestCase.TestTimeSheet.TestOfficeShift()'><b>TestOfficeShift</b><br>Test class: Com.HRMS.TestCase.TestTimeSheet</td>
<td></td>
<td>73</td>
<td>Com.HRMS.TestCase.TestTimeSheet@2d8f65a4</td></tr>
<tr>
<td title='Com.HRMS.TestCase.TestOrganizationPage.TestOfficialDocuments()'><b>TestOfficialDocuments</b><br>Test class: Com.HRMS.TestCase.TestOrganizationPage</td>
<td></td>
<td>28</td>
<td>Com.HRMS.TestCase.TestOrganizationPage@17579e0f</td></tr>
<tr>
<td title='Com.HRMS.TestCase.TestTimeSheet.TestOverTime()'><b>TestOverTime</b><br>Test class: Com.HRMS.TestCase.TestTimeSheet</td>
<td></td>
<td>38</td>
<td>Com.HRMS.TestCase.TestTimeSheet@2d8f65a4</td></tr>
<tr>
<td title='Com.HRMS.TestCase.TestOrganizationPage.TestPolicy()'><b>TestPolicy</b><br>Test class: Com.HRMS.TestCase.TestOrganizationPage</td>
<td></td>
<td>20</td>
<td>Com.HRMS.TestCase.TestOrganizationPage@17579e0f</td></tr>
<tr>
<td title='Com.HRMS.TestCase.TestCoreHR.TestPromotion()'><b>TestPromotion</b><br>Test class: Com.HRMS.TestCase.TestCoreHR</td>
<td></td>
<td>28</td>
<td>Com.HRMS.TestCase.TestCoreHR@3712b94</td></tr>
<tr>
<td title='Com.HRMS.TestCase.TestCoreHR.TestResignation()'><b>TestResignation</b><br>Test class: Com.HRMS.TestCase.TestCoreHR</td>
<td></td>
<td>30</td>
<td>Com.HRMS.TestCase.TestCoreHR@3712b94</td></tr>
<tr>
<td title='Com.HRMS.TestCase.TestPayroll.TestSearch()'><b>TestSearch</b><br>Test class: Com.HRMS.TestCase.TestPayroll</td>
<td></td>
<td>35</td>
<td>Com.HRMS.TestCase.TestPayroll@1b68ddbd</td></tr>
<tr>
<td title='Com.HRMS.TestCase.TestHrmsStaffPage.TestStaffDirectory()'><b>TestStaffDirectory</b><br>Test class: Com.HRMS.TestCase.TestHrmsStaffPage</td>
<td></td>
<td>30</td>
<td>Com.HRMS.TestCase.TestHrmsStaffPage@4d41cee</td></tr>
<tr>
<td title='Com.HRMS.TestCase.TestCoreHR.TestTermination()'><b>TestTermination</b><br>Test class: Com.HRMS.TestCase.TestCoreHR</td>
<td></td>
<td>41</td>
<td>Com.HRMS.TestCase.TestCoreHR@3712b94</td></tr>
<tr>
<td title='Com.HRMS.TestCase.TestTimeSheet.TestTimeSheetCalender()'><b>TestTimeSheetCalender</b><br>Test class: Com.HRMS.TestCase.TestTimeSheet</td>
<td></td>
<td>24</td>
<td>Com.HRMS.TestCase.TestTimeSheet@2d8f65a4</td></tr>
<tr>
<td title='Com.HRMS.TestCase.TestTraining.TestTrainer()'><b>TestTrainer</b><br>Test class: Com.HRMS.TestCase.TestTraining</td>
<td></td>
<td>25</td>
<td>Com.HRMS.TestCase.TestTraining@646d64ab</td></tr>
<tr>
<td title='Com.HRMS.TestCase.TestTraining.TestTraining1()'><b>TestTraining1</b><br>Test class: Com.HRMS.TestCase.TestTraining</td>
<td></td>
<td>50</td>
<td>Com.HRMS.TestCase.TestTraining@646d64ab</td></tr>
<tr>
<td title='Com.HRMS.TestCase.TestCoreHR.TestTransfer()'><b>TestTransfer</b><br>Test class: Com.HRMS.TestCase.TestCoreHR</td>
<td></td>
<td>27</td>
<td>Com.HRMS.TestCase.TestCoreHR@3712b94</td></tr>
<tr>
<td title='Com.HRMS.TestCase.TestCoreHR.TestTravel()'><b>TestTravel</b><br>Test class: Com.HRMS.TestCase.TestCoreHR</td>
<td></td>
<td>34</td>
<td>Com.HRMS.TestCase.TestCoreHR@3712b94</td></tr>
<tr>
<td title='Com.HRMS.TestCase.TestTimeSheet.TestUpdateAttendance()'><b>TestUpdateAttendance</b><br>Test class: Com.HRMS.TestCase.TestTimeSheet</td>
<td></td>
<td>39</td>
<td>Com.HRMS.TestCase.TestTimeSheet@2d8f65a4</td></tr>
<tr>
<td title='Com.HRMS.TestCase.TestCoreHR.TestWarning()'><b>TestWarning</b><br>Test class: Com.HRMS.TestCase.TestCoreHR</td>
<td></td>
<td>29</td>
<td>Com.HRMS.TestCase.TestCoreHR@3712b94</td></tr>
<tr>
<td title='Com.HRMS.TestCase.TestTickets.testTickets()'><b>testTickets</b><br>Test class: Com.HRMS.TestCase.TestTickets</td>
<td></td>
<td>34</td>
<td>Com.HRMS.TestCase.TestTickets@2833cc44</td></tr>
</table><p>
</body>
</html>