<?xml version="1.0" encoding="UTF-8"?>
<!-- Generated by org.testng.reporters.JUnitXMLReporter -->
<testsuite hostname="ECOWS-202" ignored="0" name="Test" tests="36" failures="2" timestamp="2019-12-24T20:45:49 IST" time="2045.213" errors="0">
  <testcase name="LoginTest" time="8.134" classname="Com.HRMS.TestCase.TestLogin"/>
  <testcase name="TestCompany" time="32.46" classname="Com.HRMS.TestCase.TestOrganizationPage"/>
  <testcase name="TestOfficialDocuments" time="28.877" classname="Com.HRMS.TestCase.TestOrganizationPage"/>
  <testcase name="TestLocation" time="29.418" classname="Com.HRMS.TestCase.TestOrganizationPage"/>
  <testcase name="TestDepartment" time="23.243" classname="Com.HRMS.TestCase.TestOrganizationPage">
    <failure type="org.openqa.selenium.NoSuchElementException" message="no such element: Unable to locate element: {&amp;quot;method&amp;quot;:&amp;quot;xpath&amp;quot;,&amp;quot;selector&amp;quot;:&amp;quot;//input[@class=&amp;apos;select2-search__field&amp;apos;]&amp;quot;}
  (Session info: chrome=79.0.3945.88)
For documentation on this error, please visit: https://www.seleniumhq.org/exceptions/no_such_element.html
Build info: version: &amp;apos;3.141.59&amp;apos;, revision: &amp;apos;e82be7d358&amp;apos;, time: &amp;apos;2018-11-14T08:17:03&amp;apos;
System info: host: &amp;apos;ECOWS-202&amp;apos;, ip: &amp;apos;192.168.1.92&amp;apos;, os.name: &amp;apos;Windows 8.1&amp;apos;, os.arch: &amp;apos;amd64&amp;apos;, os.version: &amp;apos;6.3&amp;apos;, java.version: &amp;apos;1.8.0_40&amp;apos;
Driver info: org.openqa.selenium.chrome.ChromeDriver
Capabilities {acceptInsecureCerts: false, browserName: chrome, browserVersion: 79.0.3945.88, chrome: {chromedriverVersion: 79.0.3945.36 (3582db32b3389..., userDataDir: C:\Users\anjuman\AppData\Lo...}, goog:chromeOptions: {debuggerAddress: localhost:53275}, javascriptEnabled: true, networkConnectionEnabled: false, pageLoadStrategy: normal, platform: WINDOWS, platformName: WINDOWS, proxy: Proxy(), setWindowRect: true, strictFileInteractability: false, timeouts: {implicit: 0, pageLoad: 300000, script: 30000}, unhandledPromptBehavior: dismiss and notify}
Session ID: bc4ace34e7923894b754e7b9e773446e
*** Element info: {Using=xpath, value=//input[@class=&amp;apos;select2-search__field&amp;apos;]}">
      <![CDATA[org.openqa.selenium.NoSuchElementException: no such element: Unable to locate element: {"method":"xpath","selector":"//input[@class='select2-search__field']"}
  (Session info: chrome=79.0.3945.88)
For documentation on this error, please visit: https://www.seleniumhq.org/exceptions/no_such_element.html
Build info: version: '3.141.59', revision: 'e82be7d358', time: '2018-11-14T08:17:03'
System info: host: 'ECOWS-202', ip: '192.168.1.92', os.name: 'Windows 8.1', os.arch: 'amd64', os.version: '6.3', java.version: '1.8.0_40'
Driver info: org.openqa.selenium.chrome.ChromeDriver
Capabilities {acceptInsecureCerts: false, browserName: chrome, browserVersion: 79.0.3945.88, chrome: {chromedriverVersion: 79.0.3945.36 (3582db32b3389..., userDataDir: C:\Users\anjuman\AppData\Lo...}, goog:chromeOptions: {debuggerAddress: localhost:53275}, javascriptEnabled: true, networkConnectionEnabled: false, pageLoadStrategy: normal, platform: WINDOWS, platformName: WINDOWS, proxy: Proxy(), setWindowRect: true, strictFileInteractability: false, timeouts: {implicit: 0, pageLoad: 300000, script: 30000}, unhandledPromptBehavior: dismiss and notify}
Session ID: bc4ace34e7923894b754e7b9e773446e
*** Element info: {Using=xpath, value=//input[@class='select2-search__field']}
at org.openqa.selenium.remote.http.W3CHttpResponseCodec.createException(W3CHttpResponseCodec.java:187)
at org.openqa.selenium.remote.http.W3CHttpResponseCodec.decode(W3CHttpResponseCodec.java:122)
at org.openqa.selenium.remote.http.W3CHttpResponseCodec.decode(W3CHttpResponseCodec.java:49)
at org.openqa.selenium.remote.HttpCommandExecutor.execute(HttpCommandExecutor.java:158)
at org.openqa.selenium.remote.service.DriverCommandExecutor.execute(DriverCommandExecutor.java:83)
at org.openqa.selenium.remote.RemoteWebDriver.execute(RemoteWebDriver.java:552)
at org.openqa.selenium.remote.RemoteWebDriver.findElement(RemoteWebDriver.java:323)
at org.openqa.selenium.remote.RemoteWebDriver.findElementByXPath(RemoteWebDriver.java:428)
at org.openqa.selenium.By$ByXPath.findElement(By.java:353)
at org.openqa.selenium.remote.RemoteWebDriver.findElement(RemoteWebDriver.java:315)
at org.openqa.selenium.support.pagefactory.DefaultElementLocator.findElement(DefaultElementLocator.java:69)
at org.openqa.selenium.support.pagefactory.internal.LocatingElementHandler.invoke(LocatingElementHandler.java:38)
at com.sun.proxy.$Proxy9.sendKeys(Unknown Source)
at Com.HRMS.Pages.OrganizationPage.AddDepartment(OrganizationPage.java:401)
at Com.HRMS.TestCase.TestOrganizationPage.TestDepartment(TestOrganizationPage.java:97)
at java.util.ArrayList.forEach(ArrayList.java:1249)
... Removed 32 stack frames]]>
    </failure>
  </testcase> <!-- TestDepartment -->
  <testcase name="TestDesignation" time="22.27" classname="Com.HRMS.TestCase.TestOrganizationPage"/>
  <testcase name="TestAnnouncement" time="32.761" classname="Com.HRMS.TestCase.TestOrganizationPage"/>
  <testcase name="TestPolicy" time="20.753" classname="Com.HRMS.TestCase.TestOrganizationPage"/>
  <testcase name="TestCreateEmployee" time="55.176" classname="Com.HRMS.TestCase.TestHrmsStaffPage"/>
  <testcase name="TestStaffDirectory" time="30.922" classname="Com.HRMS.TestCase.TestHrmsStaffPage"/>
  <testcase name="TestCustomField" time="20.709" classname="Com.HRMS.TestCase.TestHrmsStaffPage"/>
  <testcase name="TestEmployeeExit" time="26.27" classname="Com.HRMS.TestCase.TestHrmsStaffPage"/>
  <testcase name="TestAward" time="31.302" classname="Com.HRMS.TestCase.TestCoreHR"/>
  <testcase name="TestTransfer" time="27.937" classname="Com.HRMS.TestCase.TestCoreHR"/>
  <testcase name="TestResignation" time="30.055" classname="Com.HRMS.TestCase.TestCoreHR"/>
  <testcase name="TestTravel" time="34.428" classname="Com.HRMS.TestCase.TestCoreHR"/>
  <testcase name="TestPromotion" time="28.061" classname="Com.HRMS.TestCase.TestCoreHR"/>
  <testcase name="TestComplaint" time="37.479" classname="Com.HRMS.TestCase.TestCoreHR"/>
  <testcase name="TestWarning" time="29.543" classname="Com.HRMS.TestCase.TestCoreHR"/>
  <testcase name="TestTermination" time="41.336" classname="Com.HRMS.TestCase.TestCoreHR"/>
  <testcase name="testTickets" time="34.793" classname="Com.HRMS.TestCase.TestTickets"/>
  <testcase name="TestIndicator" time="60.477" classname="Com.HRMS.TestCase.TestPerformance"/>
  <testcase name="TestAppraisal" time="43.164" classname="Com.HRMS.TestCase.TestPerformance"/>
  <testcase name="TestGoalType" time="20.785" classname="Com.HRMS.TestCase.TestPerformance"/>
  <testcase name="TestGoalTracking" time="27.161" classname="Com.HRMS.TestCase.TestPerformance"/>
  <testcase name="TestAddRecruitments" time="55.143" classname="Com.HRMS.TestCase.TestRecruitment"/>
  <testcase name="TestTimeSheetCalender" time="24.59" classname="Com.HRMS.TestCase.TestTimeSheet"/>
  <testcase name="TestDatewiseAttendance" time="38.397" classname="Com.HRMS.TestCase.TestTimeSheet"/>
  <testcase name="TestUpdateAttendance" time="39.055" classname="Com.HRMS.TestCase.TestTimeSheet"/>
  <testcase name="TestOverTime" time="38.548" classname="Com.HRMS.TestCase.TestTimeSheet"/>
  <testcase name="TestOfficeShift" time="73.043" classname="Com.HRMS.TestCase.TestTimeSheet"/>
  <testcase name="TestManageHoliday" time="30.843" classname="Com.HRMS.TestCase.TestTimeSheet"/>
  <testcase name="TestSearch" time="35.211" classname="Com.HRMS.TestCase.TestPayroll"/>
  <testcase name="TestTrainer" time="25.002" classname="Com.HRMS.TestCase.TestTraining"/>
  <testcase name="TestTrainingType" time="13.35" classname="Com.HRMS.TestCase.TestTraining">
    <failure type="org.openqa.selenium.StaleElementReferenceException" message="stale element reference: element is not attached to the page document
  (Session info: chrome=79.0.3945.88)
For documentation on this error, please visit: https://www.seleniumhq.org/exceptions/stale_element_reference.html
Build info: version: &amp;apos;3.141.59&amp;apos;, revision: &amp;apos;e82be7d358&amp;apos;, time: &amp;apos;2018-11-14T08:17:03&amp;apos;
System info: host: &amp;apos;ECOWS-202&amp;apos;, ip: &amp;apos;192.168.1.92&amp;apos;, os.name: &amp;apos;Windows 8.1&amp;apos;, os.arch: &amp;apos;amd64&amp;apos;, os.version: &amp;apos;6.3&amp;apos;, java.version: &amp;apos;1.8.0_40&amp;apos;
Driver info: org.openqa.selenium.chrome.ChromeDriver
Capabilities {acceptInsecureCerts: false, browserName: chrome, browserVersion: 79.0.3945.88, chrome: {chromedriverVersion: 79.0.3945.36 (3582db32b3389..., userDataDir: C:\Users\anjuman\AppData\Lo...}, goog:chromeOptions: {debuggerAddress: localhost:55120}, javascriptEnabled: true, networkConnectionEnabled: false, pageLoadStrategy: normal, platform: WINDOWS, platformName: WINDOWS, proxy: Proxy(), setWindowRect: true, strictFileInteractability: false, timeouts: {implicit: 0, pageLoad: 300000, script: 30000}, unhandledPromptBehavior: dismiss and notify}
Session ID: 2974f1b6dccd0bd8ce98c3bd9eada6c7">
      <![CDATA[org.openqa.selenium.StaleElementReferenceException: stale element reference: element is not attached to the page document
  (Session info: chrome=79.0.3945.88)
For documentation on this error, please visit: https://www.seleniumhq.org/exceptions/stale_element_reference.html
Build info: version: '3.141.59', revision: 'e82be7d358', time: '2018-11-14T08:17:03'
System info: host: 'ECOWS-202', ip: '192.168.1.92', os.name: 'Windows 8.1', os.arch: 'amd64', os.version: '6.3', java.version: '1.8.0_40'
Driver info: org.openqa.selenium.chrome.ChromeDriver
Capabilities {acceptInsecureCerts: false, browserName: chrome, browserVersion: 79.0.3945.88, chrome: {chromedriverVersion: 79.0.3945.36 (3582db32b3389..., userDataDir: C:\Users\anjuman\AppData\Lo...}, goog:chromeOptions: {debuggerAddress: localhost:55120}, javascriptEnabled: true, networkConnectionEnabled: false, pageLoadStrategy: normal, platform: WINDOWS, platformName: WINDOWS, proxy: Proxy(), setWindowRect: true, strictFileInteractability: false, timeouts: {implicit: 0, pageLoad: 300000, script: 30000}, unhandledPromptBehavior: dismiss and notify}
Session ID: 2974f1b6dccd0bd8ce98c3bd9eada6c7
at org.openqa.selenium.remote.http.W3CHttpResponseCodec.createException(W3CHttpResponseCodec.java:187)
at org.openqa.selenium.remote.http.W3CHttpResponseCodec.decode(W3CHttpResponseCodec.java:122)
at org.openqa.selenium.remote.http.W3CHttpResponseCodec.decode(W3CHttpResponseCodec.java:49)
at org.openqa.selenium.remote.HttpCommandExecutor.execute(HttpCommandExecutor.java:158)
at org.openqa.selenium.remote.service.DriverCommandExecutor.execute(DriverCommandExecutor.java:83)
at org.openqa.selenium.remote.RemoteWebDriver.execute(RemoteWebDriver.java:552)
at org.openqa.selenium.remote.RemoteWebElement.execute(RemoteWebElement.java:285)
at org.openqa.selenium.remote.RemoteWebElement.getText(RemoteWebElement.java:166)
at Com.HRMS.TestCase.TestTraining.TestTrainingType(TestTraining.java:85)
at java.util.ArrayList.forEach(ArrayList.java:1249)
... Removed 32 stack frames]]>
    </failure>
  </testcase> <!-- TestTrainingType -->
  <testcase name="TestTraining1" time="50.074" classname="Com.HRMS.TestCase.TestTraining"/>
</testsuite> <!-- Test -->
